<?xml version="1.0" encoding="UTF-8"?>
<!-- Generated by org.testng.reporters.JUnitXMLReporter -->
<testsuite ignored="2" hostname="NMG-D-88" failures="0" tests="1" name="Home Loan" time="0.003" errors="0" timestamp="2024-09-16T20:24:13 IST">
  <testcase classname="test.basics4" name="WebLoginHomeLoan" time="0.001"/>
  <testcase classname="test.basics4" name="ApiLoginHomeLoan" time="0.0">
    <ignored/>
  </testcase> <!-- ApiLoginHomeLoan -->
  <testcase classname="test.basics4" name="MobileLoginHomeLoan" time="0.0">
    <ignored/>
  </testcase> <!-- MobileLoginHomeLoan -->
</testsuite> <!-- Home Loan -->
