<?xml version="1.0" encoding="UTF-8"?>
<!-- Generated by org.testng.reporters.JUnitXMLReporter -->
<testsuite ignored="5" hostname="NMG-D-88" failures="0" tests="4" name="Regression" time="0.038" errors="0" timestamp="2024-09-16T20:24:18 IST">
  <testcase classname="test.basics" name="first" time="0.008"/>
  <testcase classname="test.basics2" name="test" time="0.001"/>
  <testcase classname="test.basics3" name="MobileLoginCarLoan" time="0.001"/>
  <testcase classname="test.basics4" name="MobileLoginHomeLoan" time="0.0"/>
  <testcase classname="test.basics3" name="WebLoginCarLoan" time="0.0">
    <ignored/>
  </testcase> <!-- WebLoginCarLoan -->
  <testcase classname="test.basics4" name="ApiLoginHomeLoan" time="0.0">
    <ignored/>
  </testcase> <!-- ApiLoginHomeLoan -->
  <testcase classname="test.basics4" name="WebLoginHomeLoan" time="0.0">
    <ignored/>
  </testcase> <!-- WebLoginHomeLoan -->
  <testcase classname="test.basics" name="second" time="0.0">
    <ignored/>
  </testcase> <!-- second -->
  <testcase classname="test.basics3" name="ApiLoginCarLoan" time="0.0">
    <ignored/>
  </testcase> <!-- ApiLoginCarLoan -->
</testsuite> <!-- Regression -->
